28-Jul-2024 15:02:57.795 INFO [main] org.apache.catalina.core.ApplicationContext.log ContextListener: contextInitialized()
28-Jul-2024 15:02:57.795 INFO [main] org.apache.catalina.core.ApplicationContext.log SessionListener: contextInitialized()
28-Jul-2024 15:02:57.797 INFO [main] org.apache.catalina.core.ApplicationContext.log ContextListener: attributeAdded('StockTicker', 'async.Stockticker@6f330eb9')
28-Jul-2024 16:13:20.016 INFO [main] org.apache.catalina.core.ApplicationContext.log SessionListener: contextDestroyed()
28-Jul-2024 16:13:20.016 INFO [main] org.apache.catalina.core.ApplicationContext.log ContextListener: contextDestroyed()
28-Jul-2024 16:14:18.289 INFO [main] org.apache.catalina.core.ApplicationContext.log ContextListener: contextInitialized()
28-Jul-2024 16:14:18.289 INFO [main] org.apache.catalina.core.ApplicationContext.log SessionListener: contextInitialized()
28-Jul-2024 16:14:18.291 INFO [main] org.apache.catalina.core.ApplicationContext.log ContextListener: attributeAdded('StockTicker', 'async.Stockticker@2b87581')
28-Jul-2024 17:09:45.678 INFO [main] org.apache.catalina.core.ApplicationContext.log SessionListener: contextDestroyed()
28-Jul-2024 17:09:45.678 INFO [main] org.apache.catalina.core.ApplicationContext.log ContextListener: contextDestroyed()
28-Jul-2024 20:14:40.265 INFO [main] org.apache.catalina.core.ApplicationContext.log ContextListener: contextInitialized()
28-Jul-2024 20:14:40.265 INFO [main] org.apache.catalina.core.ApplicationContext.log SessionListener: contextInitialized()
28-Jul-2024 20:14:40.268 INFO [main] org.apache.catalina.core.ApplicationContext.log ContextListener: attributeAdded('StockTicker', 'async.Stockticker@c017175')
28-Jul-2024 22:16:19.187 INFO [main] org.apache.catalina.core.ApplicationContext.log SessionListener: contextDestroyed()
28-Jul-2024 22:16:19.187 INFO [main] org.apache.catalina.core.ApplicationContext.log ContextListener: contextDestroyed()
28-Jul-2024 22:18:29.184 INFO [main] org.apache.catalina.core.ApplicationContext.log ContextListener: contextInitialized()
28-Jul-2024 22:18:29.184 INFO [main] org.apache.catalina.core.ApplicationContext.log SessionListener: contextInitialized()
28-Jul-2024 22:18:29.186 INFO [main] org.apache.catalina.core.ApplicationContext.log ContextListener: attributeAdded('StockTicker', 'async.Stockticker@3e5fd2b1')
28-Jul-2024 22:20:12.643 INFO [main] org.apache.catalina.core.ApplicationContext.log SessionListener: contextDestroyed()
28-Jul-2024 22:20:12.643 INFO [main] org.apache.catalina.core.ApplicationContext.log ContextListener: contextDestroyed()
28-Jul-2024 22:45:33.403 INFO [main] org.apache.catalina.core.ApplicationContext.log ContextListener: contextInitialized()
28-Jul-2024 22:45:33.403 INFO [main] org.apache.catalina.core.ApplicationContext.log SessionListener: contextInitialized()
28-Jul-2024 22:45:33.407 INFO [main] org.apache.catalina.core.ApplicationContext.log ContextListener: attributeAdded('StockTicker', 'async.Stockticker@46e64760')
28-Jul-2024 23:02:53.970 INFO [main] org.apache.catalina.core.ApplicationContext.log SessionListener: contextDestroyed()
28-Jul-2024 23:02:53.970 INFO [main] org.apache.catalina.core.ApplicationContext.log ContextListener: contextDestroyed()
28-Jul-2024 23:12:32.952 INFO [main] org.apache.catalina.core.ApplicationContext.log ContextListener: contextInitialized()
28-Jul-2024 23:12:32.952 INFO [main] org.apache.catalina.core.ApplicationContext.log SessionListener: contextInitialized()
28-Jul-2024 23:12:32.954 INFO [main] org.apache.catalina.core.ApplicationContext.log ContextListener: attributeAdded('StockTicker', 'async.Stockticker@6415f61e')
28-Jul-2024 23:24:52.156 INFO [main] org.apache.catalina.core.ApplicationContext.log SessionListener: contextDestroyed()
28-Jul-2024 23:24:52.156 INFO [main] org.apache.catalina.core.ApplicationContext.log ContextListener: contextDestroyed()
